<?xml version="1.0" encoding="UTF-8"?>
<!-- Generated by org.testng.reporters.JUnitReportReporter -->
<testsuite hostname="HIMANSHU" failures="1" tests="1" name="runners.TestRunner" time="43.663" errors="0" timestamp="2026-01-14T14:46:22 IST" skipped="0">
  <testcase classname="runners.TestRunner" name="runScenario" time="43.663">
    <failure message="Train details do not match: Arrays differ at element [1]: 8:30 PM,29 JAN != 8:30 PM, 29 JAN expected [8:30 PM,29 JAN] but found [8:30 PM, 29 JAN]" type="java.lang.AssertionError">
      <![CDATA[java.lang.AssertionError: Train details do not match: Arrays differ at element [1]: 8:30 PM,29 JAN != 8:30 PM, 29 JAN expected [8:30 PM,29 JAN] but found [8:30 PM, 29 JAN]
at org.testng.Assert.fail(Assert.java:111)
at org.testng.Assert.failNotEquals(Assert.java:1590)
at org.testng.Assert.assertEqualsImpl(Assert.java:150)
at org.testng.Assert.assertEquals(Assert.java:1801)
at Pom.TravellerPage.verifyReviewPage(TravellerPage.java:94)
at stepDef.TrainsStepDef.clickOnAddTravellersBtn(TrainsStepDef.java:103)
at ✽.User click on add travellers button(file:///C:/Users/himan/eclipse-workspace/Make_My_Trip_Project/src/test/resources/features/Trains.feature:16)
]]>
    </failure>
  </testcase> <!-- runScenario -->
</testsuite> <!-- runners.TestRunner -->
